<?xml version="1.0" encoding="UTF-8"?>
<testsuite name="Search Regression Suite"
           tests="6"
           failures="0"
           errors="0"
           skipped="0"
           time="0.034">
  <properties />
  
  
            <testcase name="login" time="0.007" classname="TestNG.Sequencing2" />
                <testcase name="IntializeFilePath" time="0.004" classname="TestNG.Sequencing2" />
                <testcase name="login" time="0.003" classname="TestNG.Sequencing2" />
                <testcase name="login" time="0.004" classname="TestNG.Sequencing2" />
                <testcase name="login" time="0.012" classname="TestNG.Sequencing2" />
                <testcase name="login" time="0.004" classname="TestNG.Sequencing2" />
      
</testsuite>
